<?xml version="1.0" encoding="UTF-8"?><testsuite errors="0" failures="0" name="com.bestbuyapi.bestbuyapiTest.CategoriesTest" skipped="0" tests="8" time="8.88" timestamp="2021-07-21T18:06:05.621+01:00[Europe/London]"><testcase classname="com.bestbuyapi.bestbuyapiTest.CategoriesTest" name="Create and Verify if the categories was added to the application"/><testcase classname="com.bestbuyapi.bestbuyapiTest.CategoriesTest" name="Update categories information and verify the updated information"/><testcase classname="com.bestbuyapi.bestbuyapiTest.CategoriesTest" name="Update categories information with patch request and verify the updated information"/><testcase classname="com.bestbuyapi.bestbuyapiTest.CategoriesTest" name="Delete categories information with id and verify it"/><testcase classname="com.bestbuyapi.bestbuyapiTest.CategoriesTest" name="This will create new categories"/><testcase classname="com.bestbuyapi.bestbuyapiTest.CategoriesTest" name="This will get all categories"/><testcase classname="com.bestbuyapi.bestbuyapiTest.CategoriesTest" name="This will get single categories with id"/><testcase classname="com.bestbuyapi.bestbuyapiTest.CategoriesTest" name="This will get categories with parameters"/></testsuite>