<?xml version="1.0" encoding="UTF-8"?><testsuite errors="0" failures="0" name="com.bestbuyapi.bestbuyapiTest.ProductsTest" skipped="0" tests="8" time="8.83" timestamp="2021-07-21T18:06:05.636+01:00[Europe/London]"><testcase classname="com.bestbuyapi.bestbuyapiTest.ProductsTest" name="Create and Verify if the products was added to the application"/><testcase classname="com.bestbuyapi.bestbuyapiTest.ProductsTest" name="Update products information and verify the updated information"/><testcase classname="com.bestbuyapi.bestbuyapiTest.ProductsTest" name="Update product information with patch and verify it"/><testcase classname="com.bestbuyapi.bestbuyapiTest.ProductsTest" name="Delete products information with id and verify it"/><testcase classname="com.bestbuyapi.bestbuyapiTest.ProductsTest" name="This will create new product"/><testcase classname="com.bestbuyapi.bestbuyapiTest.ProductsTest" name="This will get all products"/><testcase classname="com.bestbuyapi.bestbuyapiTest.ProductsTest" name="This will get single product with id"/><testcase classname="com.bestbuyapi.bestbuyapiTest.ProductsTest" name="This will get products with parameters"/></testsuite>